<?xml version="1.0" encoding="UTF-8"?>
<!-- Generated by org.testng.reporters.JUnitReportReporter -->
<testsuite hostname="Maryias-MacBook-Air.local" name="SimpleTest" tests="4" failures="0" timestamp="23 Feb 2016 00:40:42 GMT" time="12.503" errors="0">
  <testcase name="testGoogleChrome" time="5.520" classname="SimpleTest"/>
  <testcase name="checkEqual" time="0.020" classname="SimpleTest"/>
  <testcase name="testGoogleFF" time="3.473" classname="SimpleTest"/>
  <testcase name="testSafari" time="3.490" classname="SimpleTest"/>
</testsuite> <!-- SimpleTest -->
